<?xml version="1.0" encoding="UTF-8"?>
<!-- Generated by org.testng.reporters.JUnitReportReporter -->
<testsuite hostname="sys" name="day30.NewtoursLoginGrid" tests="1" failures="0" timestamp="2 Jul 2015 05:33:32 GMT" time="8.348" errors="0">
  <testcase name="loginTest" time="8.348" classname="day30.NewtoursLoginGrid"/>
</testsuite> <!-- day30.NewtoursLoginGrid -->
