<?xml version="1.0" encoding="UTF-8"?>
<!-- Generated by org.testng.reporters.JUnitReportReporter -->
<testsuite hostname="sys" name="day27.Login" tests="1" failures="0" timestamp="25 Jun 2015 17:18:59 GMT" time="1.559" errors="0">
  <testcase name="loginTest" time="1.559" classname="day27.Login"/>
</testsuite> <!-- day27.Login -->
