<?xml version="1.0" encoding="UTF-8"?>
<!-- Generated by org.testng.reporters.JUnitReportReporter -->
<testsuite hostname="sys" name="orangehrm.AddEmployee" tests="1" failures="0" timestamp="13 Jul 2015 16:57:30 GMT" time="6.318" errors="0">
  <testcase name="addEmployeeTest" time="6.318" classname="orangehrm.AddEmployee"/>
</testsuite> <!-- orangehrm.AddEmployee -->
