<?xml version="1.0" encoding="UTF-8"?>
<!-- Generated by org.testng.reporters.JUnitReportReporter -->
<testsuite hostname="sys" name="day33.POMControl1" tests="1" failures="0" timestamp="7 Jul 2015 17:13:48 GMT" time="38.663" errors="0">
  <testcase name="POMTest" time="38.663" classname="day33.POMControl1"/>
</testsuite> <!-- day33.POMControl1 -->
