<?xml version="1.0" encoding="UTF-8"?>
<!-- Generated by org.testng.reporters.JUnitReportReporter -->
<testsuite hostname="sys" name="day27.Links" tests="1" failures="0" timestamp="25 Jun 2015 17:18:59 GMT" time="0.502" errors="0">
  <testcase name="linksTest" time="0.502" classname="day27.Links"/>
</testsuite> <!-- day27.Links -->
