<?xml version="1.0" encoding="UTF-8"?>
<!-- Generated by org.testng.reporters.JUnitReportReporter -->
<testsuite hostname="sys" name="day32.DataProviderinGrid" tests="2" failures="0" timestamp="6 Jul 2015 17:02:40 GMT" time="380.483" errors="0">
  <testcase name="loginTest" time="232.496" classname="day32.DataProviderinGrid"/>
  <testcase name="loginTest" time="147.987" classname="day32.DataProviderinGrid"/>
</testsuite> <!-- day32.DataProviderinGrid -->
