<?xml version="1.0" encoding="UTF-8"?>
<!-- Generated by org.testng.reporters.JUnitReportReporter -->
<testsuite hostname="sys" name="orangehrm.Login" tests="1" failures="0" timestamp="13 Jul 2015 16:57:30 GMT" time="14.603" errors="0">
  <testcase name="loginTest" time="14.603" classname="orangehrm.Login"/>
</testsuite> <!-- orangehrm.Login -->
