<?xml version="1.0" encoding="UTF-8"?>
<!-- Generated by org.testng.reporters.JUnitReportReporter -->
<testsuite hostname="sys" name="day31.LinksOnGrid" tests="2" failures="0" timestamp="3 Jul 2015 04:37:22 GMT" time="186.528" errors="0">
  <testcase name="linkstest" time="123.325" classname="day31.LinksOnGrid"/>
  <testcase name="linkstest" time="63.203" classname="day31.LinksOnGrid"/>
</testsuite> <!-- day31.LinksOnGrid -->
