<?xml version="1.0" encoding="UTF-8"?>
<!-- Generated by org.testng.reporters.JUnitReportReporter -->
<testsuite hostname="sys" name="day33.POMControl2" tests="1" failures="0" timestamp="8 Jul 2015 17:04:01 GMT" time="31.377" errors="0">
  <testcase name="POMTest" time="31.377" classname="day33.POMControl2"/>
</testsuite> <!-- day33.POMControl2 -->
